<?xml version="1.0" encoding="UTF-8"?>
<!-- Generated by org.testng.reporters.JUnitXMLReporter -->
<testsuite hostname="sushi-ubuntu12" name="Test" tests="16" failures="3" timestamp="15 Jul 2016 18:15:49 GMT" time="73.709" errors="0">
  <testcase name="loginBad1" time="1.986" classname="com.griggi.app.MainTest"/>
  <testcase name="loginBad2" time="1.144" classname="com.griggi.app.MainTest"/>
  <testcase name="loginBad3" time="1.147" classname="com.griggi.app.MainTest"/>
  <testcase name="loginGood2" time="2.454" classname="com.griggi.app.MainTest">
    <failure type="org.junit.ComparisonFailure" message="expected:&amp;lt;[The password you entered is not valid.]&amp;gt; but was:&amp;lt;[]&amp;gt;">
      <![CDATA[org.junit.ComparisonFailure: expected:<[The password you entered is not valid.]> but was:<[]>
	at org.junit.Assert.assertEquals(Assert.java:115)
	at org.junit.Assert.assertEquals(Assert.java:144)
	at com.griggi.app.MainTest.loginGood2(MainTest.java:125)
... Removed 24 stack frames]]>
    </failure>
  </testcase> <!-- loginGood2 -->
  <testcase name="loginGood1" time="2.393" classname="com.griggi.app.MainTest"/>
  <testcase name="dashboardUICheck1" time="0.136" classname="com.griggi.app.MainTest"/>
  <testcase name="dashboardUICheck2" time="0.019" classname="com.griggi.app.MainTest"/>
  <testcase name="dashboardUICheck3" time="0.028" classname="com.griggi.app.MainTest"/>
  <testcase name="verifyLatestNodeURL" time="0.787" classname="com.griggi.app.MainTest"/>
  <testcase name="listOfNodes" time="0.206" classname="com.griggi.app.MainTest"/>
  <testcase name="nodeAdminDropdownArrow" time="0.015" classname="com.griggi.app.MainTest">
    <failure type="java.lang.AssertionError">
      <![CDATA[java.lang.AssertionError
	at org.junit.Assert.fail(Assert.java:86)
	at org.junit.Assert.assertTrue(Assert.java:41)
	at org.junit.Assert.assertFalse(Assert.java:64)
	at org.junit.Assert.assertFalse(Assert.java:74)
	at com.griggi.app.MainTest.nodeAdminDropdownArrow(MainTest.java:214)
... Removed 24 stack frames]]>
    </failure>
  </testcase> <!-- nodeAdminDropdownArrow -->
  <testcase name="routerSpeed" time="7.434" classname="com.griggi.app.MainTest"/>
  <testcase name="availableQuota" time="7.937" classname="com.griggi.app.MainTest"/>
  <testcase name="dataSharing" time="20.309" classname="com.griggi.app.MainTest"/>
  <testcase name="routerFUPLimit" time="5.01" classname="com.griggi.app.MainTest">
    <failure type="java.lang.AssertionError" message="expected:&amp;lt;0.31&amp;gt; but was:&amp;lt;0.17&amp;gt;">
      <![CDATA[java.lang.AssertionError: expected:<0.31> but was:<0.17>
	at org.junit.Assert.fail(Assert.java:88)
	at org.junit.Assert.failNotEquals(Assert.java:834)
	at org.junit.Assert.assertEquals(Assert.java:553)
	at org.junit.Assert.assertEquals(Assert.java:683)
	at com.griggi.app.MainTest.routerFUPLimit(MainTest.java:457)
... Removed 24 stack frames]]>
    </failure>
  </testcase> <!-- routerFUPLimit -->
  <testcase name="dataRecieved" time="8.093" classname="com.griggi.app.MainTest"/>
</testsuite> <!-- Test -->
